[INFO ] 2020-05-10 23:53:23 [main] o.s.b.t.c.SpringBootTestContextBootstrapper - Neither @ContextConfiguration nor @ContextHierarchy found for test class [com.dove.TestProvider], using SpringBootContextLoader
[INFO ] 2020-05-10 23:53:23 [main] o.s.t.c.s.AbstractContextLoader - Could not detect default resource locations for test class [com.dove.TestProvider]: no resource found for suffixes {-context.xml, Context.groovy}.
[INFO ] 2020-05-10 23:53:23 [main] o.s.t.c.s.AnnotationConfigContextLoaderUtils - Could not detect default configuration classes for test class [com.dove.TestProvider]: TestProvider does not declare any static, non-private, non-final, nested classes annotated with @Configuration.
[INFO ] 2020-05-10 23:53:23 [main] o.s.b.t.c.SpringBootTestContextBootstrapper - Found @SpringBootConfiguration com.dove.PYGApplication for test class com.dove.TestProvider
[INFO ] 2020-05-10 23:53:23 [main] o.s.b.t.c.SpringBootTestContextBootstrapper - Loaded default TestExecutionListener class names from location [META-INF/spring.factories]: [org.springframework.boot.test.mock.mockito.MockitoTestExecutionListener, org.springframework.boot.test.mock.mockito.ResetMocksTestExecutionListener, org.springframework.boot.test.autoconfigure.restdocs.RestDocsTestExecutionListener, org.springframework.boot.test.autoconfigure.web.client.MockRestServiceServerResetTestExecutionListener, org.springframework.boot.test.autoconfigure.web.servlet.MockMvcPrintOnlyOnFailureTestExecutionListener, org.springframework.boot.test.autoconfigure.web.servlet.WebDriverTestExecutionListener, org.springframework.test.context.web.ServletTestExecutionListener, org.springframework.test.context.support.DirtiesContextBeforeModesTestExecutionListener, org.springframework.test.context.support.DependencyInjectionTestExecutionListener, org.springframework.test.context.support.DirtiesContextTestExecutionListener, org.springframework.test.context.transaction.TransactionalTestExecutionListener, org.springframework.test.context.jdbc.SqlScriptsTestExecutionListener]
[INFO ] 2020-05-10 23:53:23 [main] o.s.b.t.c.SpringBootTestContextBootstrapper - Using TestExecutionListeners: [org.springframework.test.context.web.ServletTestExecutionListener@1af146, org.springframework.test.context.support.DirtiesContextBeforeModesTestExecutionListener@4da602fc, org.springframework.boot.test.mock.mockito.MockitoTestExecutionListener@2a8d39c4, org.springframework.boot.test.autoconfigure.SpringBootDependencyInjectionTestExecutionListener@25b2cfcb, org.springframework.test.context.support.DirtiesContextTestExecutionListener@72758afa, org.springframework.test.context.transaction.TransactionalTestExecutionListener@fb9c7aa, org.springframework.test.context.jdbc.SqlScriptsTestExecutionListener@4c398c80, org.springframework.boot.test.mock.mockito.ResetMocksTestExecutionListener@7fc6de5b, org.springframework.boot.test.autoconfigure.restdocs.RestDocsTestExecutionListener@21baa903, org.springframework.boot.test.autoconfigure.web.client.MockRestServiceServerResetTestExecutionListener@607fbe09, org.springframework.boot.test.autoconfigure.web.servlet.MockMvcPrintOnlyOnFailureTestExecutionListener@60a2630a, org.springframework.boot.test.autoconfigure.web.servlet.WebDriverTestExecutionListener@29df4d43]
[INFO ] 2020-05-10 23:53:28 [main] o.s.c.a.AnnotationConfigApplicationContext - Refreshing org.springframework.context.annotation.AnnotationConfigApplicationContext@5bd1ceca: startup date [Sun May 10 23:53:28 CST 2020]; root of context hierarchy
[INFO ] 2020-05-10 23:53:28 [main] o.s.b.f.a.AutowiredAnnotationBeanPostProcessor - JSR-330 'javax.inject.Inject' annotation found and supported for autowiring
[INFO ] 2020-05-10 23:53:28 [main] o.s.c.s.PostProcessorRegistrationDelegate$BeanPostProcessorChecker - Bean 'configurationPropertiesRebinderAutoConfiguration' of type [org.springframework.cloud.autoconfigure.ConfigurationPropertiesRebinderAutoConfiguration$$EnhancerBySpringCGLIB$$a20ead3d] is not eligible for getting processed by all BeanPostProcessors (for example: not eligible for auto-proxying)
[INFO ] 2020-05-10 23:53:30 [main] com.dove.TestProvider - The following profiles are active: dev
[INFO ] 2020-05-10 23:53:30 [main] o.s.w.c.s.GenericWebApplicationContext - Refreshing org.springframework.web.context.support.GenericWebApplicationContext@5177e388: startup date [Sun May 10 23:53:31 CST 2020]; parent: org.springframework.context.annotation.AnnotationConfigApplicationContext@5bd1ceca
[INFO ] 2020-05-10 23:53:30 [main] o.s.cloud.context.scope.GenericScope - BeanFactory id=5044dc24-b39b-3867-b13f-a199593965b6
[INFO ] 2020-05-10 23:53:30 [main] o.s.b.f.a.AutowiredAnnotationBeanPostProcessor - JSR-330 'javax.inject.Inject' annotation found and supported for autowiring
[INFO ] 2020-05-10 23:53:30 [main] o.s.c.s.PostProcessorRegistrationDelegate$BeanPostProcessorChecker - Bean 'org.springframework.transaction.annotation.ProxyTransactionManagementConfiguration' of type [org.springframework.transaction.annotation.ProxyTransactionManagementConfiguration$$EnhancerBySpringCGLIB$$85f4aa40] is not eligible for getting processed by all BeanPostProcessors (for example: not eligible for auto-proxying)
[INFO ] 2020-05-10 23:53:30 [main] o.s.c.s.PostProcessorRegistrationDelegate$BeanPostProcessorChecker - Bean 'org.springframework.cloud.autoconfigure.ConfigurationPropertiesRebinderAutoConfiguration' of type [org.springframework.cloud.autoconfigure.ConfigurationPropertiesRebinderAutoConfiguration$$EnhancerBySpringCGLIB$$a20ead3d] is not eligible for getting processed by all BeanPostProcessors (for example: not eligible for auto-proxying)
[INFO ] 2020-05-10 23:53:30 [main] c.n.c.sources.URLConfigurationSource - To enable URLs as dynamic configuration sources, define System property archaius.configurationSource.additionalUrls or make config.properties available on classpath.
[INFO ] 2020-05-10 23:53:30 [main] c.n.c.sources.URLConfigurationSource - To enable URLs as dynamic configuration sources, define System property archaius.configurationSource.additionalUrls or make config.properties available on classpath.
[INFO ] 2020-05-10 23:53:30 [main] o.s.w.s.h.SimpleUrlHandlerMapping - Mapped URL path [/**/favicon.ico] onto handler of type [class org.springframework.web.servlet.resource.ResourceHttpRequestHandler]
[INFO ] 2020-05-10 23:53:30 [main] o.s.w.s.m.m.a.RequestMappingHandlerAdapter - Looking for @ControllerAdvice: org.springframework.web.context.support.GenericWebApplicationContext@5177e388: startup date [Sun May 10 23:53:31 CST 2020]; parent: org.springframework.context.annotation.AnnotationConfigApplicationContext@5bd1ceca
[INFO ] 2020-05-10 23:53:30 [main] o.s.w.s.m.m.a.RequestMappingHandlerMapping - Mapped "{[/course/test],methods=[GET]}" onto public java.lang.String com.dove.controller.TestController.test()
[INFO ] 2020-05-10 23:53:30 [main] o.s.w.s.m.m.a.RequestMappingHandlerMapping - Mapped "{[/course/find],methods=[GET]}" onto public com.dove.dao.entity.Category com.dove.controller.TestController.findOne(java.lang.String)
[INFO ] 2020-05-10 23:53:30 [main] o.s.w.s.m.m.a.RequestMappingHandlerMapping - Mapped "{[/error]}" onto public org.springframework.http.ResponseEntity<java.util.Map<java.lang.String, java.lang.Object>> org.springframework.boot.autoconfigure.web.servlet.error.BasicErrorController.error(javax.servlet.http.HttpServletRequest)
[INFO ] 2020-05-10 23:53:30 [main] o.s.w.s.m.m.a.RequestMappingHandlerMapping - Mapped "{[/error],produces=[text/html]}" onto public org.springframework.web.servlet.ModelAndView org.springframework.boot.autoconfigure.web.servlet.error.BasicErrorController.errorHtml(javax.servlet.http.HttpServletRequest,javax.servlet.http.HttpServletResponse)
[INFO ] 2020-05-10 23:53:30 [main] o.s.w.s.h.SimpleUrlHandlerMapping - Mapped URL path [/webjars/**] onto handler of type [class org.springframework.web.servlet.resource.ResourceHttpRequestHandler]
[INFO ] 2020-05-10 23:53:30 [main] o.s.w.s.h.SimpleUrlHandlerMapping - Mapped URL path [/**] onto handler of type [class org.springframework.web.servlet.resource.ResourceHttpRequestHandler]
[INFO ] 2020-05-10 23:53:30 [main] o.s.c.s.DefaultLifecycleProcessor - Starting beans in phase 0
[INFO ] 2020-05-10 23:53:30 [main] com.dove.TestProvider - Started TestProvider in 15.163 seconds (JVM running for 18.119)
[INFO ] 2020-05-10 23:53:30 [Thread-5] o.s.w.c.s.GenericWebApplicationContext - Closing org.springframework.web.context.support.GenericWebApplicationContext@5177e388: startup date [Sun May 10 23:53:31 CST 2020]; parent: org.springframework.context.annotation.AnnotationConfigApplicationContext@5bd1ceca
[INFO ] 2020-05-10 23:53:30 [Thread-5] o.s.c.n.eureka.InstanceInfoFactory - Setting initial instance status as: STARTING
[INFO ] 2020-05-10 23:53:30 [Thread-5] o.s.c.n.e.s.EurekaServiceRegistry - Unregistering application generate_server with eureka with status DOWN
[INFO ] 2020-05-10 23:53:30 [Thread-5] o.s.c.s.DefaultLifecycleProcessor - Stopping beans in phase 0
[INFO ] 2020-05-10 23:58:41 [main] o.s.b.t.c.SpringBootTestContextBootstrapper - Neither @ContextConfiguration nor @ContextHierarchy found for test class [com.dove.TestProvider], using SpringBootContextLoader
[INFO ] 2020-05-10 23:58:41 [main] o.s.t.c.s.AbstractContextLoader - Could not detect default resource locations for test class [com.dove.TestProvider]: no resource found for suffixes {-context.xml, Context.groovy}.
[INFO ] 2020-05-10 23:58:41 [main] o.s.t.c.s.AnnotationConfigContextLoaderUtils - Could not detect default configuration classes for test class [com.dove.TestProvider]: TestProvider does not declare any static, non-private, non-final, nested classes annotated with @Configuration.
[INFO ] 2020-05-10 23:58:41 [main] o.s.b.t.c.SpringBootTestContextBootstrapper - Found @SpringBootConfiguration com.dove.PYGApplication for test class com.dove.TestProvider
[INFO ] 2020-05-10 23:58:41 [main] o.s.b.t.c.SpringBootTestContextBootstrapper - Loaded default TestExecutionListener class names from location [META-INF/spring.factories]: [org.springframework.boot.test.mock.mockito.MockitoTestExecutionListener, org.springframework.boot.test.mock.mockito.ResetMocksTestExecutionListener, org.springframework.boot.test.autoconfigure.restdocs.RestDocsTestExecutionListener, org.springframework.boot.test.autoconfigure.web.client.MockRestServiceServerResetTestExecutionListener, org.springframework.boot.test.autoconfigure.web.servlet.MockMvcPrintOnlyOnFailureTestExecutionListener, org.springframework.boot.test.autoconfigure.web.servlet.WebDriverTestExecutionListener, org.springframework.test.context.web.ServletTestExecutionListener, org.springframework.test.context.support.DirtiesContextBeforeModesTestExecutionListener, org.springframework.test.context.support.DependencyInjectionTestExecutionListener, org.springframework.test.context.support.DirtiesContextTestExecutionListener, org.springframework.test.context.transaction.TransactionalTestExecutionListener, org.springframework.test.context.jdbc.SqlScriptsTestExecutionListener]
[INFO ] 2020-05-10 23:58:41 [main] o.s.b.t.c.SpringBootTestContextBootstrapper - Using TestExecutionListeners: [org.springframework.test.context.web.ServletTestExecutionListener@3f6f6701, org.springframework.test.context.support.DirtiesContextBeforeModesTestExecutionListener@3527942a, org.springframework.boot.test.mock.mockito.MockitoTestExecutionListener@942a29c, org.springframework.boot.test.autoconfigure.SpringBootDependencyInjectionTestExecutionListener@1ed6388a, org.springframework.test.context.support.DirtiesContextTestExecutionListener@5a45133e, org.springframework.test.context.transaction.TransactionalTestExecutionListener@534a5a98, org.springframework.test.context.jdbc.SqlScriptsTestExecutionListener@4f80542f, org.springframework.boot.test.mock.mockito.ResetMocksTestExecutionListener@60bd273d, org.springframework.boot.test.autoconfigure.restdocs.RestDocsTestExecutionListener@121314f7, org.springframework.boot.test.autoconfigure.web.client.MockRestServiceServerResetTestExecutionListener@130c12b7, org.springframework.boot.test.autoconfigure.web.servlet.MockMvcPrintOnlyOnFailureTestExecutionListener@5e600dd5, org.springframework.boot.test.autoconfigure.web.servlet.WebDriverTestExecutionListener@576d5deb]
[INFO ] 2020-05-10 23:58:45 [main] o.s.c.a.AnnotationConfigApplicationContext - Refreshing org.springframework.context.annotation.AnnotationConfigApplicationContext@4fbe37eb: startup date [Sun May 10 23:58:45 CST 2020]; root of context hierarchy
[INFO ] 2020-05-10 23:58:45 [main] o.s.b.f.a.AutowiredAnnotationBeanPostProcessor - JSR-330 'javax.inject.Inject' annotation found and supported for autowiring
[INFO ] 2020-05-10 23:58:45 [main] o.s.c.s.PostProcessorRegistrationDelegate$BeanPostProcessorChecker - Bean 'configurationPropertiesRebinderAutoConfiguration' of type [org.springframework.cloud.autoconfigure.ConfigurationPropertiesRebinderAutoConfiguration$$EnhancerBySpringCGLIB$$1c4caa7a] is not eligible for getting processed by all BeanPostProcessors (for example: not eligible for auto-proxying)
[INFO ] 2020-05-10 23:58:46 [main] com.dove.TestProvider - The following profiles are active: dev
[INFO ] 2020-05-10 23:58:46 [main] o.s.w.c.s.GenericWebApplicationContext - Refreshing org.springframework.web.context.support.GenericWebApplicationContext@1fdfafd2: startup date [Sun May 10 23:58:46 CST 2020]; parent: org.springframework.context.annotation.AnnotationConfigApplicationContext@4fbe37eb
[INFO ] 2020-05-10 23:58:46 [main] o.s.cloud.context.scope.GenericScope - BeanFactory id=5044dc24-b39b-3867-b13f-a199593965b6
[INFO ] 2020-05-10 23:58:46 [main] o.s.b.f.a.AutowiredAnnotationBeanPostProcessor - JSR-330 'javax.inject.Inject' annotation found and supported for autowiring
[INFO ] 2020-05-10 23:58:46 [main] o.s.c.s.PostProcessorRegistrationDelegate$BeanPostProcessorChecker - Bean 'org.springframework.transaction.annotation.ProxyTransactionManagementConfiguration' of type [org.springframework.transaction.annotation.ProxyTransactionManagementConfiguration$$EnhancerBySpringCGLIB$$32a77d] is not eligible for getting processed by all BeanPostProcessors (for example: not eligible for auto-proxying)
[INFO ] 2020-05-10 23:58:46 [main] o.s.c.s.PostProcessorRegistrationDelegate$BeanPostProcessorChecker - Bean 'org.springframework.cloud.autoconfigure.ConfigurationPropertiesRebinderAutoConfiguration' of type [org.springframework.cloud.autoconfigure.ConfigurationPropertiesRebinderAutoConfiguration$$EnhancerBySpringCGLIB$$1c4caa7a] is not eligible for getting processed by all BeanPostProcessors (for example: not eligible for auto-proxying)
[INFO ] 2020-05-10 23:58:46 [main] c.n.c.sources.URLConfigurationSource - To enable URLs as dynamic configuration sources, define System property archaius.configurationSource.additionalUrls or make config.properties available on classpath.
[INFO ] 2020-05-10 23:58:46 [main] c.n.c.sources.URLConfigurationSource - To enable URLs as dynamic configuration sources, define System property archaius.configurationSource.additionalUrls or make config.properties available on classpath.
[INFO ] 2020-05-10 23:58:46 [main] o.s.w.s.h.SimpleUrlHandlerMapping - Mapped URL path [/**/favicon.ico] onto handler of type [class org.springframework.web.servlet.resource.ResourceHttpRequestHandler]
[INFO ] 2020-05-10 23:58:46 [main] o.s.w.s.m.m.a.RequestMappingHandlerAdapter - Looking for @ControllerAdvice: org.springframework.web.context.support.GenericWebApplicationContext@1fdfafd2: startup date [Sun May 10 23:58:46 CST 2020]; parent: org.springframework.context.annotation.AnnotationConfigApplicationContext@4fbe37eb
[INFO ] 2020-05-10 23:58:46 [main] o.s.w.s.m.m.a.RequestMappingHandlerMapping - Mapped "{[/course/test],methods=[GET]}" onto public java.lang.String com.dove.controller.TestController.test()
[INFO ] 2020-05-10 23:58:46 [main] o.s.w.s.m.m.a.RequestMappingHandlerMapping - Mapped "{[/course/find],methods=[GET]}" onto public com.dove.dao.entity.Category com.dove.controller.TestController.findOne(java.lang.String)
[INFO ] 2020-05-10 23:58:46 [main] o.s.w.s.m.m.a.RequestMappingHandlerMapping - Mapped "{[/error]}" onto public org.springframework.http.ResponseEntity<java.util.Map<java.lang.String, java.lang.Object>> org.springframework.boot.autoconfigure.web.servlet.error.BasicErrorController.error(javax.servlet.http.HttpServletRequest)
[INFO ] 2020-05-10 23:58:46 [main] o.s.w.s.m.m.a.RequestMappingHandlerMapping - Mapped "{[/error],produces=[text/html]}" onto public org.springframework.web.servlet.ModelAndView org.springframework.boot.autoconfigure.web.servlet.error.BasicErrorController.errorHtml(javax.servlet.http.HttpServletRequest,javax.servlet.http.HttpServletResponse)
[INFO ] 2020-05-10 23:58:46 [main] o.s.w.s.h.SimpleUrlHandlerMapping - Mapped URL path [/webjars/**] onto handler of type [class org.springframework.web.servlet.resource.ResourceHttpRequestHandler]
[INFO ] 2020-05-10 23:58:46 [main] o.s.w.s.h.SimpleUrlHandlerMapping - Mapped URL path [/**] onto handler of type [class org.springframework.web.servlet.resource.ResourceHttpRequestHandler]
[INFO ] 2020-05-10 23:58:46 [main] o.s.c.s.DefaultLifecycleProcessor - Starting beans in phase 0
[INFO ] 2020-05-10 23:58:46 [main] com.dove.TestProvider - Started TestProvider in 11.123 seconds (JVM running for 12.875)
[INFO ] 2020-05-10 23:58:46 [Thread-5] o.s.w.c.s.GenericWebApplicationContext - Closing org.springframework.web.context.support.GenericWebApplicationContext@1fdfafd2: startup date [Sun May 10 23:58:46 CST 2020]; parent: org.springframework.context.annotation.AnnotationConfigApplicationContext@4fbe37eb
[INFO ] 2020-05-10 23:58:46 [Thread-5] o.s.c.n.eureka.InstanceInfoFactory - Setting initial instance status as: STARTING
[INFO ] 2020-05-10 23:58:46 [Thread-5] o.s.c.n.e.s.EurekaServiceRegistry - Unregistering application generate_server with eureka with status DOWN
[INFO ] 2020-05-10 23:58:46 [Thread-5] o.s.c.s.DefaultLifecycleProcessor - Stopping beans in phase 0
[INFO ] 2020-05-10 23:59:20 [main] o.s.b.t.c.SpringBootTestContextBootstrapper - Neither @ContextConfiguration nor @ContextHierarchy found for test class [com.dove.TestProvider], using SpringBootContextLoader
[INFO ] 2020-05-10 23:59:20 [main] o.s.t.c.s.AbstractContextLoader - Could not detect default resource locations for test class [com.dove.TestProvider]: no resource found for suffixes {-context.xml, Context.groovy}.
[INFO ] 2020-05-10 23:59:20 [main] o.s.t.c.s.AnnotationConfigContextLoaderUtils - Could not detect default configuration classes for test class [com.dove.TestProvider]: TestProvider does not declare any static, non-private, non-final, nested classes annotated with @Configuration.
[INFO ] 2020-05-10 23:59:20 [main] o.s.b.t.c.SpringBootTestContextBootstrapper - Found @SpringBootConfiguration com.dove.PYGApplication for test class com.dove.TestProvider
[INFO ] 2020-05-10 23:59:20 [main] o.s.b.t.c.SpringBootTestContextBootstrapper - Loaded default TestExecutionListener class names from location [META-INF/spring.factories]: [org.springframework.boot.test.mock.mockito.MockitoTestExecutionListener, org.springframework.boot.test.mock.mockito.ResetMocksTestExecutionListener, org.springframework.boot.test.autoconfigure.restdocs.RestDocsTestExecutionListener, org.springframework.boot.test.autoconfigure.web.client.MockRestServiceServerResetTestExecutionListener, org.springframework.boot.test.autoconfigure.web.servlet.MockMvcPrintOnlyOnFailureTestExecutionListener, org.springframework.boot.test.autoconfigure.web.servlet.WebDriverTestExecutionListener, org.springframework.test.context.web.ServletTestExecutionListener, org.springframework.test.context.support.DirtiesContextBeforeModesTestExecutionListener, org.springframework.test.context.support.DependencyInjectionTestExecutionListener, org.springframework.test.context.support.DirtiesContextTestExecutionListener, org.springframework.test.context.transaction.TransactionalTestExecutionListener, org.springframework.test.context.jdbc.SqlScriptsTestExecutionListener]
[INFO ] 2020-05-10 23:59:20 [main] o.s.b.t.c.SpringBootTestContextBootstrapper - Using TestExecutionListeners: [org.springframework.test.context.web.ServletTestExecutionListener@3f6f6701, org.springframework.test.context.support.DirtiesContextBeforeModesTestExecutionListener@3527942a, org.springframework.boot.test.mock.mockito.MockitoTestExecutionListener@942a29c, org.springframework.boot.test.autoconfigure.SpringBootDependencyInjectionTestExecutionListener@1ed6388a, org.springframework.test.context.support.DirtiesContextTestExecutionListener@5a45133e, org.springframework.test.context.transaction.TransactionalTestExecutionListener@534a5a98, org.springframework.test.context.jdbc.SqlScriptsTestExecutionListener@4f80542f, org.springframework.boot.test.mock.mockito.ResetMocksTestExecutionListener@60bd273d, org.springframework.boot.test.autoconfigure.restdocs.RestDocsTestExecutionListener@121314f7, org.springframework.boot.test.autoconfigure.web.client.MockRestServiceServerResetTestExecutionListener@130c12b7, org.springframework.boot.test.autoconfigure.web.servlet.MockMvcPrintOnlyOnFailureTestExecutionListener@5e600dd5, org.springframework.boot.test.autoconfigure.web.servlet.WebDriverTestExecutionListener@576d5deb]
[INFO ] 2020-05-10 23:59:24 [main] o.s.c.a.AnnotationConfigApplicationContext - Refreshing org.springframework.context.annotation.AnnotationConfigApplicationContext@4fbe37eb: startup date [Sun May 10 23:59:24 CST 2020]; root of context hierarchy
[INFO ] 2020-05-10 23:59:24 [main] o.s.b.f.a.AutowiredAnnotationBeanPostProcessor - JSR-330 'javax.inject.Inject' annotation found and supported for autowiring
[INFO ] 2020-05-10 23:59:24 [main] o.s.c.s.PostProcessorRegistrationDelegate$BeanPostProcessorChecker - Bean 'configurationPropertiesRebinderAutoConfiguration' of type [org.springframework.cloud.autoconfigure.ConfigurationPropertiesRebinderAutoConfiguration$$EnhancerBySpringCGLIB$$1c4caa7a] is not eligible for getting processed by all BeanPostProcessors (for example: not eligible for auto-proxying)
[INFO ] 2020-05-10 23:59:26 [main] com.dove.TestProvider - The following profiles are active: dev
[INFO ] 2020-05-10 23:59:26 [main] o.s.w.c.s.GenericWebApplicationContext - Refreshing org.springframework.web.context.support.GenericWebApplicationContext@1fdfafd2: startup date [Sun May 10 23:59:26 CST 2020]; parent: org.springframework.context.annotation.AnnotationConfigApplicationContext@4fbe37eb
[INFO ] 2020-05-10 23:59:26 [main] o.s.cloud.context.scope.GenericScope - BeanFactory id=5044dc24-b39b-3867-b13f-a199593965b6
[INFO ] 2020-05-10 23:59:26 [main] o.s.b.f.a.AutowiredAnnotationBeanPostProcessor - JSR-330 'javax.inject.Inject' annotation found and supported for autowiring
[INFO ] 2020-05-10 23:59:26 [main] o.s.c.s.PostProcessorRegistrationDelegate$BeanPostProcessorChecker - Bean 'org.springframework.transaction.annotation.ProxyTransactionManagementConfiguration' of type [org.springframework.transaction.annotation.ProxyTransactionManagementConfiguration$$EnhancerBySpringCGLIB$$32a77d] is not eligible for getting processed by all BeanPostProcessors (for example: not eligible for auto-proxying)
[INFO ] 2020-05-10 23:59:26 [main] o.s.c.s.PostProcessorRegistrationDelegate$BeanPostProcessorChecker - Bean 'org.springframework.cloud.autoconfigure.ConfigurationPropertiesRebinderAutoConfiguration' of type [org.springframework.cloud.autoconfigure.ConfigurationPropertiesRebinderAutoConfiguration$$EnhancerBySpringCGLIB$$1c4caa7a] is not eligible for getting processed by all BeanPostProcessors (for example: not eligible for auto-proxying)
[INFO ] 2020-05-10 23:59:26 [main] c.n.c.sources.URLConfigurationSource - To enable URLs as dynamic configuration sources, define System property archaius.configurationSource.additionalUrls or make config.properties available on classpath.
[INFO ] 2020-05-10 23:59:26 [main] c.n.c.sources.URLConfigurationSource - To enable URLs as dynamic configuration sources, define System property archaius.configurationSource.additionalUrls or make config.properties available on classpath.
[INFO ] 2020-05-10 23:59:26 [main] o.s.w.s.h.SimpleUrlHandlerMapping - Mapped URL path [/**/favicon.ico] onto handler of type [class org.springframework.web.servlet.resource.ResourceHttpRequestHandler]
[INFO ] 2020-05-10 23:59:26 [main] o.s.w.s.m.m.a.RequestMappingHandlerAdapter - Looking for @ControllerAdvice: org.springframework.web.context.support.GenericWebApplicationContext@1fdfafd2: startup date [Sun May 10 23:59:26 CST 2020]; parent: org.springframework.context.annotation.AnnotationConfigApplicationContext@4fbe37eb
[INFO ] 2020-05-10 23:59:26 [main] o.s.w.s.m.m.a.RequestMappingHandlerMapping - Mapped "{[/course/test],methods=[GET]}" onto public java.lang.String com.dove.controller.TestController.test()
[INFO ] 2020-05-10 23:59:26 [main] o.s.w.s.m.m.a.RequestMappingHandlerMapping - Mapped "{[/course/find],methods=[GET]}" onto public com.dove.dao.entity.Category com.dove.controller.TestController.findOne(java.lang.String)
[INFO ] 2020-05-10 23:59:26 [main] o.s.w.s.m.m.a.RequestMappingHandlerMapping - Mapped "{[/error]}" onto public org.springframework.http.ResponseEntity<java.util.Map<java.lang.String, java.lang.Object>> org.springframework.boot.autoconfigure.web.servlet.error.BasicErrorController.error(javax.servlet.http.HttpServletRequest)
[INFO ] 2020-05-10 23:59:26 [main] o.s.w.s.m.m.a.RequestMappingHandlerMapping - Mapped "{[/error],produces=[text/html]}" onto public org.springframework.web.servlet.ModelAndView org.springframework.boot.autoconfigure.web.servlet.error.BasicErrorController.errorHtml(javax.servlet.http.HttpServletRequest,javax.servlet.http.HttpServletResponse)
[INFO ] 2020-05-10 23:59:26 [main] o.s.w.s.h.SimpleUrlHandlerMapping - Mapped URL path [/webjars/**] onto handler of type [class org.springframework.web.servlet.resource.ResourceHttpRequestHandler]
[INFO ] 2020-05-10 23:59:26 [main] o.s.w.s.h.SimpleUrlHandlerMapping - Mapped URL path [/**] onto handler of type [class org.springframework.web.servlet.resource.ResourceHttpRequestHandler]
[INFO ] 2020-05-10 23:59:26 [main] o.s.c.s.DefaultLifecycleProcessor - Starting beans in phase 0
[INFO ] 2020-05-10 23:59:26 [main] com.dove.TestProvider - Started TestProvider in 11.497 seconds (JVM running for 13.34)
[INFO ] 2020-05-10 23:59:26 [Thread-5] o.s.w.c.s.GenericWebApplicationContext - Closing org.springframework.web.context.support.GenericWebApplicationContext@1fdfafd2: startup date [Sun May 10 23:59:26 CST 2020]; parent: org.springframework.context.annotation.AnnotationConfigApplicationContext@4fbe37eb
[INFO ] 2020-05-10 23:59:26 [Thread-5] o.s.c.n.eureka.InstanceInfoFactory - Setting initial instance status as: STARTING
[INFO ] 2020-05-10 23:59:26 [Thread-5] o.s.c.n.e.s.EurekaServiceRegistry - Unregistering application generate_server with eureka with status DOWN
[INFO ] 2020-05-10 23:59:26 [Thread-5] o.s.c.s.DefaultLifecycleProcessor - Stopping beans in phase 0
